<?xml version="1.0" encoding="UTF-8"?>
<!-- Generated by org.testng.reporters.JUnitReportReporter -->
<testsuite hostname="DESKTOP-JDIE6OT" failures="0" tests="2" name="kamelamarneh.Tests.ErrorValidations" time="12.287" errors="0" timestamp="2025-08-01T12:41:31 EET" skipped="0">
  <testcase classname="kamelamarneh.Tests.ErrorValidations" name="GetErrorMessage" time="5.876"/>
  <testcase classname="kamelamarneh.Tests.ErrorValidations" name="ProductErrorValidation" time="6.411"/>
</testsuite> <!-- kamelamarneh.Tests.ErrorValidations -->
