<?xml version="1.0" encoding="UTF-8"?>
<!-- Generated by org.testng.reporters.JUnitReportReporter -->
<testsuite hostname="DESKTOP-JDIE6OT" failures="0" tests="3" name="kamelamarneh.Tests.SubmitOrderTest" time="41.580" errors="0" timestamp="2025-08-03T05:25:38 EET" skipped="0">
  <testcase classname="kamelamarneh.Tests.SubmitOrderTest" name="submitOrder" time="17.652"/>
  <testcase classname="kamelamarneh.Tests.SubmitOrderTest" name="OrderHistoryTest" time="5.978"/>
  <testcase classname="kamelamarneh.Tests.SubmitOrderTest" name="submitOrder" time="17.950"/>
</testsuite> <!-- kamelamarneh.Tests.SubmitOrderTest -->
