<?xml version="1.0" encoding="UTF-8"?>
<!-- Generated by org.testng.reporters.JUnitReportReporter -->
<testsuite hostname="DESKTOP-JDIE6OT" failures="0" tests="1" name="cucumber.TestNGTestRunner" time="18.642" errors="0" timestamp="2025-08-03T06:34:53 EET" skipped="0">
  <testcase classname="cucumber.TestNGTestRunner" name="runScenario" time="18.642"/>
</testsuite> <!-- cucumber.TestNGTestRunner -->
