<?xml version="1.0" encoding="UTF-8"?>
<!-- Generated by org.testng.reporters.JUnitReportReporter -->
<testsuite hostname="DESKTOP-JDIE6OT" failures="0" tests="3" name="kamelamarneh.Tests.SubmitOrderTest" time="46.600" errors="0" timestamp="2025-08-02T02:11:07 EET" skipped="0">
  <testcase classname="kamelamarneh.Tests.SubmitOrderTest" name="submitOrder" time="18.866"/>
  <testcase classname="kamelamarneh.Tests.SubmitOrderTest" name="submitOrder" time="22.388"/>
  <testcase classname="kamelamarneh.Tests.SubmitOrderTest" name="OrderHistoryTest" time="5.346"/>
</testsuite> <!-- kamelamarneh.Tests.SubmitOrderTest -->
