<?xml version="1.0" encoding="UTF-8"?>
<!-- Generated by org.testng.reporters.JUnitReportReporter -->
<testsuite hostname="DESKTOP-JDIE6OT" failures="0" tests="2" name="kamelamarneh.Tests.ErrorValidations" time="16.013" errors="0" timestamp="2025-08-02T02:11:07 EET" skipped="0">
  <testcase classname="kamelamarneh.Tests.ErrorValidations" name="GetErrorMessage" time="9.374"/>
  <testcase classname="kamelamarneh.Tests.ErrorValidations" name="ProductErrorValidation" time="6.639"/>
</testsuite> <!-- kamelamarneh.Tests.ErrorValidations -->
